2025-01-29T16:22:46.043+01:00  INFO 98973 --- [librairie-online] [main] c.e.l.c.AnimeControllerIntegrationTest   : Starting AnimeControllerIntegrationTest using Java 21.0.5 with PID 98973 (started by cedinacoelho in /Users/cedinacoelho/Documents/src/librairie-online-Spring)
2025-01-29T16:22:46.057+01:00  INFO 98973 --- [librairie-online] [main] c.e.l.c.AnimeControllerIntegrationTest   : The following 1 profile is active: "testAnime"
2025-01-29T16:22:46.837+01:00  INFO 98973 --- [librairie-online] [main] .s.d.r.c.RepositoryConfigurationDelegate : Bootstrapping Spring Data JPA repositories in DEFAULT mode.
2025-01-29T16:22:46.951+01:00  INFO 98973 --- [librairie-online] [main] .s.d.r.c.RepositoryConfigurationDelegate : Finished Spring Data repository scanning in 98 ms. Found 14 JPA repository interfaces.
2025-01-29T16:22:47.583+01:00  INFO 98973 --- [librairie-online] [main] o.hibernate.jpa.internal.util.LogHelper  : HHH000204: Processing PersistenceUnitInfo [name: default]
2025-01-29T16:22:47.638+01:00  INFO 98973 --- [librairie-online] [main] org.hibernate.Version                    : HHH000412: Hibernate ORM core version 6.5.2.Final
2025-01-29T16:22:47.674+01:00  INFO 98973 --- [librairie-online] [main] o.h.c.internal.RegionFactoryInitiator    : HHH000026: Second-level cache disabled
2025-01-29T16:22:48.018+01:00  INFO 98973 --- [librairie-online] [main] o.s.o.j.p.SpringPersistenceUnitInfo      : No LoadTimeWeaver setup: ignoring JPA class transformer
2025-01-29T16:22:48.047+01:00  INFO 98973 --- [librairie-online] [main] com.zaxxer.hikari.HikariDataSource       : HikariPool-1 - Starting...
2025-01-29T16:22:48.254+01:00  INFO 98973 --- [librairie-online] [main] com.zaxxer.hikari.pool.HikariPool        : HikariPool-1 - Added connection conn0: url=jdbc:h2:mem:testdbAnime user=SA
2025-01-29T16:22:48.257+01:00  INFO 98973 --- [librairie-online] [main] com.zaxxer.hikari.HikariDataSource       : HikariPool-1 - Start completed.
2025-01-29T16:22:48.285+01:00  WARN 98973 --- [librairie-online] [main] org.hibernate.orm.deprecation            : HHH90000025: H2Dialect does not need to be specified explicitly using 'hibernate.dialect' (remove the property setting and it will be selected by default)
2025-01-29T16:22:49.266+01:00  INFO 98973 --- [librairie-online] [main] o.h.e.t.j.p.i.JtaPlatformInitiator       : HHH000489: No JTA platform available (set 'hibernate.transaction.jta.platform' to enable JTA platform integration)
2025-01-29T16:22:49.282+01:00 DEBUG 98973 --- [librairie-online] [main] org.hibernate.SQL                        : drop table if exists Achete cascade 
2025-01-29T16:22:49.285+01:00 DEBUG 98973 --- [librairie-online] [main] org.hibernate.SQL                        : drop table if exists Anime cascade 
2025-01-29T16:22:49.286+01:00 DEBUG 98973 --- [librairie-online] [main] org.hibernate.SQL                        : drop table if exists Classe cascade 
2025-01-29T16:22:49.286+01:00 DEBUG 98973 --- [librairie-online] [main] org.hibernate.SQL                        : drop table if exists Client cascade 
2025-01-29T16:22:49.287+01:00 DEBUG 98973 --- [librairie-online] [main] org.hibernate.SQL                        : drop table if exists Fournisseur cascade 
2025-01-29T16:22:49.287+01:00 DEBUG 98973 --- [librairie-online] [main] org.hibernate.SQL                        : drop table if exists Genre cascade 
2025-01-29T16:22:49.288+01:00 DEBUG 98973 --- [librairie-online] [main] org.hibernate.SQL                        : drop table if exists Loue cascade 
2025-01-29T16:22:49.288+01:00 DEBUG 98973 --- [librairie-online] [main] org.hibernate.SQL                        : drop table if exists Manga cascade 
2025-01-29T16:22:49.288+01:00 DEBUG 98973 --- [librairie-online] [main] org.hibernate.SQL                        : drop table if exists Mangaka cascade 
2025-01-29T16:22:49.289+01:00 DEBUG 98973 --- [librairie-online] [main] org.hibernate.SQL                        : drop table if exists NoteA cascade 
2025-01-29T16:22:49.289+01:00 DEBUG 98973 --- [librairie-online] [main] org.hibernate.SQL                        : drop table if exists NoteM cascade 
2025-01-29T16:22:49.290+01:00 DEBUG 98973 --- [librairie-online] [main] org.hibernate.SQL                        : drop table if exists Role cascade 
2025-01-29T16:22:49.290+01:00 DEBUG 98973 --- [librairie-online] [main] org.hibernate.SQL                        : drop table if exists Studio cascade 
2025-01-29T16:22:49.291+01:00 DEBUG 98973 --- [librairie-online] [main] org.hibernate.SQL                        : drop table if exists Validation cascade 
2025-01-29T16:22:49.295+01:00 DEBUG 98973 --- [librairie-online] [main] org.hibernate.SQL                        : create table Achete (date date, id integer generated by default as identity, nAdherent integer, nSerie integer, prix numeric(9,2), primary key (id))
2025-01-29T16:22:49.302+01:00 DEBUG 98973 --- [librairie-online] [main] org.hibernate.SQL                        : create table Anime (date integer not null, nSerie integer generated by default as identity, nSerieM integer, nom varchar(255), nomStudio varchar(255), primary key (nSerie))
2025-01-29T16:22:49.303+01:00 DEBUG 98973 --- [librairie-online] [main] org.hibernate.SQL                        : create table Classe (nSerie integer not null, type varchar(255) not null, primary key (nSerie, type))
2025-01-29T16:22:49.306+01:00 DEBUG 98973 --- [librairie-online] [main] org.hibernate.SQL                        : create table Client (active boolean not null, age integer not null, date_adhesion date, date_naissance date, nAdherent integer generated by default as identity, roleId integer, email varchar(255), nom varchar(255), password varchar(255), prenom varchar(255), sexe varchar(255), primary key (nAdherent))
2025-01-29T16:22:49.307+01:00 DEBUG 98973 --- [librairie-online] [main] org.hibernate.SQL                        : create table Fournisseur (nom varchar(255) not null, ville varchar(255), primary key (nom))
2025-01-29T16:22:49.308+01:00 DEBUG 98973 --- [librairie-online] [main] org.hibernate.SQL                        : create table Genre (type varchar(255) not null, primary key (type))
2025-01-29T16:22:49.310+01:00 DEBUG 98973 --- [librairie-online] [main] org.hibernate.SQL                        : create table Loue (date date, dateMaximale date, dateRetour date, id integer generated by default as identity, nAdherent integer, nSerie integer, primary key (id))
2025-01-29T16:22:49.312+01:00 DEBUG 98973 --- [librairie-online] [main] org.hibernate.SQL                        : create table Manga (date_parution integer not null, nbExemplaire integer not null, nserie integer generated by default as identity, tome integer not null, nom varchar(255), nomFournisseur varchar(255), nomMangaka varchar(255), prenomMangaka varchar(255), primary key (nserie))
2025-01-29T16:22:49.313+01:00 DEBUG 98973 --- [librairie-online] [main] org.hibernate.SQL                        : create table Mangaka (nationalite varchar(255), nom varchar(255) not null, prenom varchar(255) not null, sexe varchar(255), primary key (nom, prenom))
2025-01-29T16:22:49.315+01:00 DEBUG 98973 --- [librairie-online] [main] org.hibernate.SQL                        : create table NoteA (date date, nSerie integer not null, nadherent integer not null, valeur numeric(38,2), primary key (nSerie, nadherent))
2025-01-29T16:22:49.316+01:00 DEBUG 98973 --- [librairie-online] [main] org.hibernate.SQL                        : create table NoteM (date date, nSerie integer not null, nadherent integer not null, valeur numeric(38,2), primary key (nSerie, nadherent))
2025-01-29T16:22:49.319+01:00 DEBUG 98973 --- [librairie-online] [main] org.hibernate.SQL                        : create table Role (id integer generated by default as identity, role enum ('ADMIN','USER'), primary key (id))
2025-01-29T16:22:49.321+01:00 DEBUG 98973 --- [librairie-online] [main] org.hibernate.SQL                        : create table Studio (nom varchar(255) not null, nomDirecteur varchar(255), pays varchar(255), prenomDirecteur varchar(255), primary key (nom))
2025-01-29T16:22:49.323+01:00 DEBUG 98973 --- [librairie-online] [main] org.hibernate.SQL                        : create table Validation (ClientId integer unique, code integer not null, id integer not null, Activation_instant timestamp(6) with time zone, Creation_instant timestamp(6) with time zone, Expire_instant timestamp(6) with time zone, primary key (id))
2025-01-29T16:22:49.325+01:00 DEBUG 98973 --- [librairie-online] [main] org.hibernate.SQL                        : alter table if exists Achete add constraint FKqb1e2gq63l9dowoni2ercv3ia foreign key (nAdherent) references Client
2025-01-29T16:22:49.336+01:00 DEBUG 98973 --- [librairie-online] [main] org.hibernate.SQL                        : alter table if exists Achete add constraint FKndbwyt78vyn2ixt20vveswpy foreign key (nSerie) references Manga
2025-01-29T16:22:49.337+01:00 DEBUG 98973 --- [librairie-online] [main] org.hibernate.SQL                        : alter table if exists Anime add constraint FKiagcnb38yakykw03xitnyt3wl foreign key (nSerieM) references Manga
2025-01-29T16:22:49.339+01:00 DEBUG 98973 --- [librairie-online] [main] org.hibernate.SQL                        : alter table if exists Anime add constraint FK6eecm0a8wmfpqoij85crf3m0w foreign key (nomStudio) references Studio
2025-01-29T16:22:49.341+01:00 DEBUG 98973 --- [librairie-online] [main] org.hibernate.SQL                        : alter table if exists Classe add constraint FKmndai52ydfxv4egnm62drgpcs foreign key (type) references Genre
2025-01-29T16:22:49.342+01:00 DEBUG 98973 --- [librairie-online] [main] org.hibernate.SQL                        : alter table if exists Classe add constraint FKpc3r5vfpoakf7vrwe8on06ux3 foreign key (nserie) references Manga
2025-01-29T16:22:49.344+01:00 DEBUG 98973 --- [librairie-online] [main] org.hibernate.SQL                        : alter table if exists Client add constraint FK4bpcqc78ucwdr2mk0mpv6dckv foreign key (roleId) references Role
2025-01-29T16:22:49.347+01:00 DEBUG 98973 --- [librairie-online] [main] org.hibernate.SQL                        : alter table if exists Loue add constraint FKk9fmioh8om4kdauf119myfy88 foreign key (nSerie) references Anime
2025-01-29T16:22:49.348+01:00 DEBUG 98973 --- [librairie-online] [main] org.hibernate.SQL                        : alter table if exists Loue add constraint FK7uxy40ng4oydutr0xg99abf8n foreign key (nAdherent) references Client
2025-01-29T16:22:49.350+01:00 DEBUG 98973 --- [librairie-online] [main] org.hibernate.SQL                        : alter table if exists Manga add constraint FK6jv3kix0ie77vrix41q74e9dp foreign key (nomFournisseur) references Fournisseur
2025-01-29T16:22:49.352+01:00 DEBUG 98973 --- [librairie-online] [main] org.hibernate.SQL                        : alter table if exists Manga add constraint FKoxc656tng6cku1kgsbq5t1ifb foreign key (nomMangaka, prenomMangaka) references Mangaka
2025-01-29T16:22:49.355+01:00 DEBUG 98973 --- [librairie-online] [main] org.hibernate.SQL                        : alter table if exists NoteA add constraint FK4se4t04m3xv4jvhufc8nhdfnx foreign key (nSerie) references Anime
2025-01-29T16:22:49.357+01:00 DEBUG 98973 --- [librairie-online] [main] org.hibernate.SQL                        : alter table if exists NoteA add constraint FK4od391ruf1aqd8e0cqkw04ic5 foreign key (nadherent) references Client
2025-01-29T16:22:49.358+01:00 DEBUG 98973 --- [librairie-online] [main] org.hibernate.SQL                        : alter table if exists NoteM add constraint FK3eoqdbnmssmi133k9fdsko3d3 foreign key (nadherent) references Client
2025-01-29T16:22:49.361+01:00 DEBUG 98973 --- [librairie-online] [main] org.hibernate.SQL                        : alter table if exists NoteM add constraint FKqy62n647qukdbu57egrbuerj6 foreign key (nSerie) references Manga
2025-01-29T16:22:49.362+01:00 DEBUG 98973 --- [librairie-online] [main] org.hibernate.SQL                        : alter table if exists Validation add constraint FK3jm2763f48u5y9wfcnhw6yd1p foreign key (ClientId) references Client
2025-01-29T16:22:49.366+01:00  INFO 98973 --- [librairie-online] [main] j.LocalContainerEntityManagerFactoryBean : Initialized JPA EntityManagerFactory for persistence unit 'default'
2025-01-29T16:22:49.900+01:00  WARN 98973 --- [librairie-online] [main] .s.s.UserDetailsServiceAutoConfiguration : 

Using generated security password: a6baedd6-c6d5-49f4-9d49-552c526be6ce

This generated password is for development use only. Your security configuration must be updated before running your application in production.

2025-01-29T16:22:49.925+01:00  INFO 98973 --- [librairie-online] [main] r$InitializeUserDetailsManagerConfigurer : Global AuthenticationManager configured with UserDetailsService bean with name inMemoryUserDetailsManager
2025-01-29T16:22:50.456+01:00  INFO 98973 --- [librairie-online] [main] o.s.b.a.h2.H2ConsoleAutoConfiguration    : H2 console available at '/h2-console'. Database available at 'jdbc:h2:mem:testdbAnime'
2025-01-29T16:22:50.516+01:00  INFO 98973 --- [librairie-online] [main] o.s.b.t.m.w.SpringBootMockServletContext : Initializing Spring TestDispatcherServlet ''
2025-01-29T16:22:50.516+01:00  INFO 98973 --- [librairie-online] [main] o.s.t.web.servlet.TestDispatcherServlet  : Initializing Servlet ''
2025-01-29T16:22:50.519+01:00  INFO 98973 --- [librairie-online] [main] o.s.t.web.servlet.TestDispatcherServlet  : Completed initialization in 3 ms
2025-01-29T16:22:50.547+01:00  INFO 98973 --- [librairie-online] [main] c.e.l.c.AnimeControllerIntegrationTest   : Started AnimeControllerIntegrationTest in 4.926 seconds (process running for 6.143)
2025-01-29T16:22:51.184+01:00 DEBUG 98973 --- [librairie-online] [main] org.hibernate.SQL                        : select a1_0.nSerie,a1_0.date,a1_0.nSerieM,a1_0.nom,a1_0.nomStudio from Anime a1_0
2025-01-29T16:22:51.209+01:00 DEBUG 98973 --- [librairie-online] [main] org.hibernate.SQL                        : select m1_0.nserie,m1_0.date_parution,m1_0.nomFournisseur,m1_0.nomMangaka,m1_0.prenomMangaka,m1_0.nbExemplaire,m1_0.nom,m1_0.tome from Manga m1_0
2025-01-29T16:22:51.212+01:00 DEBUG 98973 --- [librairie-online] [main] org.hibernate.SQL                        : select s1_0.nom,s1_0.nomDirecteur,s1_0.pays,s1_0.prenomDirecteur from Studio s1_0
2025-01-29T16:22:51.231+01:00 DEBUG 98973 --- [librairie-online] [main] org.hibernate.SQL                        : insert into Manga (date_parution,nomFournisseur,nomMangaka,prenomMangaka,nbExemplaire,nom,tome,nserie) values (?,?,?,?,?,?,?,default)
2025-01-29T16:22:51.263+01:00 DEBUG 98973 --- [librairie-online] [main] org.hibernate.SQL                        : select s1_0.nom,s1_0.nomDirecteur,s1_0.pays,s1_0.prenomDirecteur from Studio s1_0 where s1_0.nom=?
2025-01-29T16:22:51.269+01:00 DEBUG 98973 --- [librairie-online] [main] org.hibernate.SQL                        : insert into Studio (nomDirecteur,pays,prenomDirecteur,nom) values (?,?,?,?)
2025-01-29T16:22:51.274+01:00 DEBUG 98973 --- [librairie-online] [main] org.hibernate.SQL                        : select null,s1_0.nomDirecteur,s1_0.pays,s1_0.prenomDirecteur from Studio s1_0 where s1_0.nom=?
2025-01-29T16:22:51.276+01:00 DEBUG 98973 --- [librairie-online] [main] org.hibernate.SQL                        : insert into Anime (date,nSerieM,nom,nomStudio,nSerie) values (?,?,?,?,default)
2025-01-29T16:22:51.328+01:00  INFO 98973 --- [librairie-online] [main] c.e.l.service.AnimeService               : Recherche d'un anime avec l'ID: 1
2025-01-29T16:22:51.332+01:00 DEBUG 98973 --- [librairie-online] [main] org.hibernate.SQL                        : select a1_0.nSerie,a1_0.date,m1_0.nserie,m1_0.date_parution,f1_0.nom,f1_0.ville,m2_0.nom,m2_0.prenom,m2_0.nationalite,m2_0.sexe,m1_0.nbExemplaire,m1_0.nom,m1_0.tome,a1_0.nom,s1_0.nom,s1_0.nomDirecteur,s1_0.pays,s1_0.prenomDirecteur from Anime a1_0 left join Manga m1_0 on m1_0.nserie=a1_0.nSerieM left join Fournisseur f1_0 on f1_0.nom=m1_0.nomFournisseur left join Mangaka m2_0 on m2_0.nom=m1_0.nomMangaka and m2_0.prenom=m1_0.prenomMangaka left join Studio s1_0 on s1_0.nom=a1_0.nomStudio where a1_0.nSerie=?
2025-01-29T16:22:51.338+01:00  INFO 98973 --- [librairie-online] [main] c.e.l.service.AnimeService               : Anime trouvé: com.example.librairie_online.entity.Anime@e8bd42f
2025-01-29T16:22:51.338+01:00  INFO 98973 --- [librairie-online] [main] c.e.l.service.AnimeService               : Suppression de l'anime avec l'ID: 1
2025-01-29T16:22:51.550+01:00 DEBUG 98973 --- [librairie-online] [main] org.hibernate.SQL                        : select count(*) from Anime a1_0 where a1_0.nSerie=?
2025-01-29T16:22:51.555+01:00 DEBUG 98973 --- [librairie-online] [main] org.hibernate.SQL                        : select a1_0.nSerie,a1_0.date,m1_0.nserie,m1_0.date_parution,f1_0.nom,f1_0.ville,m2_0.nom,m2_0.prenom,m2_0.nationalite,m2_0.sexe,m1_0.nbExemplaire,m1_0.nom,m1_0.tome,a1_0.nom,s1_0.nom,s1_0.nomDirecteur,s1_0.pays,s1_0.prenomDirecteur from Anime a1_0 left join Manga m1_0 on m1_0.nserie=a1_0.nSerieM left join Fournisseur f1_0 on f1_0.nom=m1_0.nomFournisseur left join Mangaka m2_0 on m2_0.nom=m1_0.nomMangaka and m2_0.prenom=m1_0.prenomMangaka left join Studio s1_0 on s1_0.nom=a1_0.nomStudio where a1_0.nSerie=?
2025-01-29T16:22:51.562+01:00 DEBUG 98973 --- [librairie-online] [main] org.hibernate.SQL                        : delete from Anime where nSerie=?
2025-01-29T16:22:51.564+01:00  INFO 98973 --- [librairie-online] [main] c.e.l.service.AnimeService               : Anime supprimé avec succès.
2025-01-29T16:22:51.603+01:00  INFO 98973 --- [librairie-online] [main] c.e.l.service.AnimeService               : Recherche d'un anime avec l'ID: 1
2025-01-29T16:22:51.604+01:00 DEBUG 98973 --- [librairie-online] [main] org.hibernate.SQL                        : select a1_0.nSerie,a1_0.date,m1_0.nserie,m1_0.date_parution,f1_0.nom,f1_0.ville,m2_0.nom,m2_0.prenom,m2_0.nationalite,m2_0.sexe,m1_0.nbExemplaire,m1_0.nom,m1_0.tome,a1_0.nom,s1_0.nom,s1_0.nomDirecteur,s1_0.pays,s1_0.prenomDirecteur from Anime a1_0 left join Manga m1_0 on m1_0.nserie=a1_0.nSerieM left join Fournisseur f1_0 on f1_0.nom=m1_0.nomFournisseur left join Mangaka m2_0 on m2_0.nom=m1_0.nomMangaka and m2_0.prenom=m1_0.prenomMangaka left join Studio s1_0 on s1_0.nom=a1_0.nomStudio where a1_0.nSerie=?
2025-01-29T16:22:51.606+01:00  WARN 98973 --- [librairie-online] [main] c.e.l.service.AnimeService               : Aucun anime trouvé avec l'ID: 1
2025-01-29T16:22:51.624+01:00 DEBUG 98973 --- [librairie-online] [main] org.hibernate.SQL                        : select a1_0.nSerie,a1_0.date,a1_0.nSerieM,a1_0.nom,a1_0.nomStudio from Anime a1_0
2025-01-29T16:22:51.628+01:00 DEBUG 98973 --- [librairie-online] [main] org.hibernate.SQL                        : select m1_0.nserie,m1_0.date_parution,m1_0.nomFournisseur,m1_0.nomMangaka,m1_0.prenomMangaka,m1_0.nbExemplaire,m1_0.nom,m1_0.tome from Manga m1_0
2025-01-29T16:22:51.629+01:00 DEBUG 98973 --- [librairie-online] [main] org.hibernate.SQL                        : delete from Manga where nserie=?
2025-01-29T16:22:51.631+01:00 DEBUG 98973 --- [librairie-online] [main] org.hibernate.SQL                        : select s1_0.nom,s1_0.nomDirecteur,s1_0.pays,s1_0.prenomDirecteur from Studio s1_0
2025-01-29T16:22:51.633+01:00 DEBUG 98973 --- [librairie-online] [main] org.hibernate.SQL                        : delete from Studio where nom=?
2025-01-29T16:22:51.636+01:00 DEBUG 98973 --- [librairie-online] [main] org.hibernate.SQL                        : insert into Manga (date_parution,nomFournisseur,nomMangaka,prenomMangaka,nbExemplaire,nom,tome,nserie) values (?,?,?,?,?,?,?,default)
2025-01-29T16:22:51.639+01:00 DEBUG 98973 --- [librairie-online] [main] org.hibernate.SQL                        : select s1_0.nom,s1_0.nomDirecteur,s1_0.pays,s1_0.prenomDirecteur from Studio s1_0 where s1_0.nom=?
2025-01-29T16:22:51.641+01:00 DEBUG 98973 --- [librairie-online] [main] org.hibernate.SQL                        : insert into Studio (nomDirecteur,pays,prenomDirecteur,nom) values (?,?,?,?)
2025-01-29T16:22:51.644+01:00 DEBUG 98973 --- [librairie-online] [main] org.hibernate.SQL                        : select null,s1_0.nomDirecteur,s1_0.pays,s1_0.prenomDirecteur from Studio s1_0 where s1_0.nom=?
2025-01-29T16:22:51.647+01:00 DEBUG 98973 --- [librairie-online] [main] org.hibernate.SQL                        : insert into Anime (date,nSerieM,nom,nomStudio,nSerie) values (?,?,?,?,default)
2025-01-29T16:22:51.650+01:00  INFO 98973 --- [librairie-online] [main] c.e.l.service.AnimeService               : Récupération de tous les animes.
2025-01-29T16:22:51.652+01:00 DEBUG 98973 --- [librairie-online] [main] org.hibernate.SQL                        : select a1_0.nSerie,a1_0.date,a1_0.nSerieM,a1_0.nom,a1_0.nomStudio from Anime a1_0
2025-01-29T16:22:51.653+01:00 DEBUG 98973 --- [librairie-online] [main] org.hibernate.SQL                        : select m1_0.nserie,m1_0.date_parution,f1_0.nom,f1_0.ville,m2_0.nom,m2_0.prenom,m2_0.nationalite,m2_0.sexe,m1_0.nbExemplaire,m1_0.nom,m1_0.tome from Manga m1_0 left join Fournisseur f1_0 on f1_0.nom=m1_0.nomFournisseur left join Mangaka m2_0 on m2_0.nom=m1_0.nomMangaka and m2_0.prenom=m1_0.prenomMangaka where m1_0.nserie=?
2025-01-29T16:22:51.656+01:00 DEBUG 98973 --- [librairie-online] [main] org.hibernate.SQL                        : select s1_0.nom,s1_0.nomDirecteur,s1_0.pays,s1_0.prenomDirecteur from Studio s1_0 where s1_0.nom=?
2025-01-29T16:22:51.657+01:00  INFO 98973 --- [librairie-online] [main] c.e.l.service.AnimeService               : Nombre total d'animes récupérés: 1
2025-01-29T16:22:51.703+01:00 DEBUG 98973 --- [librairie-online] [main] org.hibernate.SQL                        : select a1_0.nSerie,a1_0.date,a1_0.nSerieM,a1_0.nom,a1_0.nomStudio from Anime a1_0
2025-01-29T16:22:51.704+01:00 DEBUG 98973 --- [librairie-online] [main] org.hibernate.SQL                        : select m1_0.nserie,m1_0.date_parution,f1_0.nom,f1_0.ville,m2_0.nom,m2_0.prenom,m2_0.nationalite,m2_0.sexe,m1_0.nbExemplaire,m1_0.nom,m1_0.tome from Manga m1_0 left join Fournisseur f1_0 on f1_0.nom=m1_0.nomFournisseur left join Mangaka m2_0 on m2_0.nom=m1_0.nomMangaka and m2_0.prenom=m1_0.prenomMangaka where m1_0.nserie=?
2025-01-29T16:22:51.705+01:00 DEBUG 98973 --- [librairie-online] [main] org.hibernate.SQL                        : select s1_0.nom,s1_0.nomDirecteur,s1_0.pays,s1_0.prenomDirecteur from Studio s1_0 where s1_0.nom=?
2025-01-29T16:22:51.708+01:00 DEBUG 98973 --- [librairie-online] [main] org.hibernate.SQL                        : delete from Anime where nSerie=?
2025-01-29T16:22:51.712+01:00 DEBUG 98973 --- [librairie-online] [main] org.hibernate.SQL                        : select m1_0.nserie,m1_0.date_parution,m1_0.nomFournisseur,m1_0.nomMangaka,m1_0.prenomMangaka,m1_0.nbExemplaire,m1_0.nom,m1_0.tome from Manga m1_0
2025-01-29T16:22:51.714+01:00 DEBUG 98973 --- [librairie-online] [main] org.hibernate.SQL                        : delete from Manga where nserie=?
2025-01-29T16:22:51.717+01:00 DEBUG 98973 --- [librairie-online] [main] org.hibernate.SQL                        : select s1_0.nom,s1_0.nomDirecteur,s1_0.pays,s1_0.prenomDirecteur from Studio s1_0
2025-01-29T16:22:51.719+01:00 DEBUG 98973 --- [librairie-online] [main] org.hibernate.SQL                        : delete from Studio where nom=?
2025-01-29T16:22:51.723+01:00 DEBUG 98973 --- [librairie-online] [main] org.hibernate.SQL                        : insert into Manga (date_parution,nomFournisseur,nomMangaka,prenomMangaka,nbExemplaire,nom,tome,nserie) values (?,?,?,?,?,?,?,default)
2025-01-29T16:22:51.725+01:00 DEBUG 98973 --- [librairie-online] [main] org.hibernate.SQL                        : select s1_0.nom,s1_0.nomDirecteur,s1_0.pays,s1_0.prenomDirecteur from Studio s1_0 where s1_0.nom=?
2025-01-29T16:22:51.726+01:00 DEBUG 98973 --- [librairie-online] [main] org.hibernate.SQL                        : insert into Studio (nomDirecteur,pays,prenomDirecteur,nom) values (?,?,?,?)
2025-01-29T16:22:51.728+01:00 DEBUG 98973 --- [librairie-online] [main] org.hibernate.SQL                        : select null,s1_0.nomDirecteur,s1_0.pays,s1_0.prenomDirecteur from Studio s1_0 where s1_0.nom=?
2025-01-29T16:22:51.730+01:00 DEBUG 98973 --- [librairie-online] [main] org.hibernate.SQL                        : insert into Anime (date,nSerieM,nom,nomStudio,nSerie) values (?,?,?,?,default)
2025-01-29T16:22:51.762+01:00  INFO 98973 --- [librairie-online] [main] c.e.l.service.AnimeService               : Recherche d'un anime avec l'ID: 3
2025-01-29T16:22:51.763+01:00 DEBUG 98973 --- [librairie-online] [main] org.hibernate.SQL                        : select a1_0.nSerie,a1_0.date,m1_0.nserie,m1_0.date_parution,f1_0.nom,f1_0.ville,m2_0.nom,m2_0.prenom,m2_0.nationalite,m2_0.sexe,m1_0.nbExemplaire,m1_0.nom,m1_0.tome,a1_0.nom,s1_0.nom,s1_0.nomDirecteur,s1_0.pays,s1_0.prenomDirecteur from Anime a1_0 left join Manga m1_0 on m1_0.nserie=a1_0.nSerieM left join Fournisseur f1_0 on f1_0.nom=m1_0.nomFournisseur left join Mangaka m2_0 on m2_0.nom=m1_0.nomMangaka and m2_0.prenom=m1_0.prenomMangaka left join Studio s1_0 on s1_0.nom=a1_0.nomStudio where a1_0.nSerie=?
2025-01-29T16:22:51.765+01:00  INFO 98973 --- [librairie-online] [main] c.e.l.service.AnimeService               : Anime trouvé: com.example.librairie_online.entity.Anime@76300346
2025-01-29T16:22:51.765+01:00  INFO 98973 --- [librairie-online] [main] c.e.l.service.AnimeService               : Mise à jour de l'anime avec l'ID: 3
2025-01-29T16:22:51.765+01:00  INFO 98973 --- [librairie-online] [main] c.e.l.service.AnimeService               : Recherche d'un anime avec l'ID: 3
2025-01-29T16:22:51.766+01:00 DEBUG 98973 --- [librairie-online] [main] org.hibernate.SQL                        : select a1_0.nSerie,a1_0.date,m1_0.nserie,m1_0.date_parution,f1_0.nom,f1_0.ville,m2_0.nom,m2_0.prenom,m2_0.nationalite,m2_0.sexe,m1_0.nbExemplaire,m1_0.nom,m1_0.tome,a1_0.nom,s1_0.nom,s1_0.nomDirecteur,s1_0.pays,s1_0.prenomDirecteur from Anime a1_0 left join Manga m1_0 on m1_0.nserie=a1_0.nSerieM left join Fournisseur f1_0 on f1_0.nom=m1_0.nomFournisseur left join Mangaka m2_0 on m2_0.nom=m1_0.nomMangaka and m2_0.prenom=m1_0.prenomMangaka left join Studio s1_0 on s1_0.nom=a1_0.nomStudio where a1_0.nSerie=?
2025-01-29T16:22:51.767+01:00  INFO 98973 --- [librairie-online] [main] c.e.l.service.AnimeService               : Anime trouvé: com.example.librairie_online.entity.Anime@7c7caff1
2025-01-29T16:22:51.769+01:00 DEBUG 98973 --- [librairie-online] [main] org.hibernate.SQL                        : select a1_0.nSerie,a1_0.date,m1_0.nserie,m1_0.date_parution,f1_0.nom,f1_0.ville,m2_0.nom,m2_0.prenom,m2_0.nationalite,m2_0.sexe,m1_0.nbExemplaire,m1_0.nom,m1_0.tome,a1_0.nom,s1_0.nom,s1_0.nomDirecteur,s1_0.pays,s1_0.prenomDirecteur from Anime a1_0 left join Manga m1_0 on m1_0.nserie=a1_0.nSerieM left join Fournisseur f1_0 on f1_0.nom=m1_0.nomFournisseur left join Mangaka m2_0 on m2_0.nom=m1_0.nomMangaka and m2_0.prenom=m1_0.prenomMangaka left join Studio s1_0 on s1_0.nom=a1_0.nomStudio where a1_0.nSerie=?
2025-01-29T16:22:51.775+01:00 DEBUG 98973 --- [librairie-online] [main] org.hibernate.SQL                        : update Anime set date=?,nSerieM=?,nom=?,nomStudio=? where nSerie=?
2025-01-29T16:22:51.779+01:00  INFO 98973 --- [librairie-online] [main] c.e.l.service.AnimeService               : Anime mis à jour avec succès: com.example.librairie_online.entity.Anime@3713ebe9
2025-01-29T16:22:51.787+01:00 DEBUG 98973 --- [librairie-online] [main] org.hibernate.SQL                        : select a1_0.nSerie,a1_0.date,a1_0.nSerieM,a1_0.nom,a1_0.nomStudio from Anime a1_0
2025-01-29T16:22:51.789+01:00 DEBUG 98973 --- [librairie-online] [main] org.hibernate.SQL                        : select m1_0.nserie,m1_0.date_parution,f1_0.nom,f1_0.ville,m2_0.nom,m2_0.prenom,m2_0.nationalite,m2_0.sexe,m1_0.nbExemplaire,m1_0.nom,m1_0.tome from Manga m1_0 left join Fournisseur f1_0 on f1_0.nom=m1_0.nomFournisseur left join Mangaka m2_0 on m2_0.nom=m1_0.nomMangaka and m2_0.prenom=m1_0.prenomMangaka where m1_0.nserie=?
2025-01-29T16:22:51.791+01:00 DEBUG 98973 --- [librairie-online] [main] org.hibernate.SQL                        : select s1_0.nom,s1_0.nomDirecteur,s1_0.pays,s1_0.prenomDirecteur from Studio s1_0 where s1_0.nom=?
2025-01-29T16:22:51.793+01:00 DEBUG 98973 --- [librairie-online] [main] org.hibernate.SQL                        : delete from Anime where nSerie=?
2025-01-29T16:22:51.796+01:00 DEBUG 98973 --- [librairie-online] [main] org.hibernate.SQL                        : select m1_0.nserie,m1_0.date_parution,m1_0.nomFournisseur,m1_0.nomMangaka,m1_0.prenomMangaka,m1_0.nbExemplaire,m1_0.nom,m1_0.tome from Manga m1_0
2025-01-29T16:22:51.799+01:00 DEBUG 98973 --- [librairie-online] [main] org.hibernate.SQL                        : delete from Manga where nserie=?
2025-01-29T16:22:51.801+01:00 DEBUG 98973 --- [librairie-online] [main] org.hibernate.SQL                        : select s1_0.nom,s1_0.nomDirecteur,s1_0.pays,s1_0.prenomDirecteur from Studio s1_0
2025-01-29T16:22:51.804+01:00 DEBUG 98973 --- [librairie-online] [main] org.hibernate.SQL                        : delete from Studio where nom=?
2025-01-29T16:22:51.807+01:00 DEBUG 98973 --- [librairie-online] [main] org.hibernate.SQL                        : insert into Manga (date_parution,nomFournisseur,nomMangaka,prenomMangaka,nbExemplaire,nom,tome,nserie) values (?,?,?,?,?,?,?,default)
2025-01-29T16:22:51.810+01:00 DEBUG 98973 --- [librairie-online] [main] org.hibernate.SQL                        : select s1_0.nom,s1_0.nomDirecteur,s1_0.pays,s1_0.prenomDirecteur from Studio s1_0 where s1_0.nom=?
2025-01-29T16:22:51.812+01:00 DEBUG 98973 --- [librairie-online] [main] org.hibernate.SQL                        : insert into Studio (nomDirecteur,pays,prenomDirecteur,nom) values (?,?,?,?)
2025-01-29T16:22:51.815+01:00  INFO 98973 --- [librairie-online] [main] c.e.l.service.AnimeService               : Création d'un nouvel anime: com.example.librairie_online.entity.Anime@113886b1
2025-01-29T16:22:51.855+01:00 DEBUG 98973 --- [librairie-online] [main] org.hibernate.SQL                        : select a1_0.nSerie from Anime a1_0 where a1_0.nom=? and a1_0.date=? and a1_0.nSerieM=? and a1_0.nomStudio=? fetch first ? rows only
2025-01-29T16:22:51.870+01:00 DEBUG 98973 --- [librairie-online] [main] org.hibernate.SQL                        : select null,s1_0.nomDirecteur,s1_0.pays,s1_0.prenomDirecteur from Studio s1_0 where s1_0.nom=?
2025-01-29T16:22:51.871+01:00 DEBUG 98973 --- [librairie-online] [main] org.hibernate.SQL                        : insert into Anime (date,nSerieM,nom,nomStudio,nSerie) values (?,?,?,?,default)
2025-01-29T16:22:51.873+01:00  INFO 98973 --- [librairie-online] [main] c.e.l.service.AnimeService               : Anime créé avec succès: com.example.librairie_online.entity.Anime@113886b1
2025-01-29T16:22:51.889+01:00  INFO 98973 --- [librairie-online] [SpringApplicationShutdownHook] j.LocalContainerEntityManagerFactoryBean : Closing JPA EntityManagerFactory for persistence unit 'default'
2025-01-29T16:22:51.890+01:00 DEBUG 98973 --- [librairie-online] [SpringApplicationShutdownHook] org.hibernate.SQL                        : drop table if exists Achete cascade 
2025-01-29T16:22:51.892+01:00 DEBUG 98973 --- [librairie-online] [SpringApplicationShutdownHook] org.hibernate.SQL                        : drop table if exists Anime cascade 
2025-01-29T16:22:51.895+01:00 DEBUG 98973 --- [librairie-online] [SpringApplicationShutdownHook] org.hibernate.SQL                        : drop table if exists Classe cascade 
2025-01-29T16:22:51.896+01:00 DEBUG 98973 --- [librairie-online] [SpringApplicationShutdownHook] org.hibernate.SQL                        : drop table if exists Client cascade 
2025-01-29T16:22:51.899+01:00 DEBUG 98973 --- [librairie-online] [SpringApplicationShutdownHook] org.hibernate.SQL                        : drop table if exists Fournisseur cascade 
2025-01-29T16:22:51.900+01:00 DEBUG 98973 --- [librairie-online] [SpringApplicationShutdownHook] org.hibernate.SQL                        : drop table if exists Genre cascade 
2025-01-29T16:22:51.901+01:00 DEBUG 98973 --- [librairie-online] [SpringApplicationShutdownHook] org.hibernate.SQL                        : drop table if exists Loue cascade 
2025-01-29T16:22:51.903+01:00 DEBUG 98973 --- [librairie-online] [SpringApplicationShutdownHook] org.hibernate.SQL                        : drop table if exists Manga cascade 
2025-01-29T16:22:51.905+01:00 DEBUG 98973 --- [librairie-online] [SpringApplicationShutdownHook] org.hibernate.SQL                        : drop table if exists Mangaka cascade 
2025-01-29T16:22:51.907+01:00 DEBUG 98973 --- [librairie-online] [SpringApplicationShutdownHook] org.hibernate.SQL                        : drop table if exists NoteA cascade 
2025-01-29T16:22:51.910+01:00 DEBUG 98973 --- [librairie-online] [SpringApplicationShutdownHook] org.hibernate.SQL                        : drop table if exists NoteM cascade 
2025-01-29T16:22:51.911+01:00 DEBUG 98973 --- [librairie-online] [SpringApplicationShutdownHook] org.hibernate.SQL                        : drop table if exists Role cascade 
2025-01-29T16:22:51.913+01:00 DEBUG 98973 --- [librairie-online] [SpringApplicationShutdownHook] org.hibernate.SQL                        : drop table if exists Studio cascade 
2025-01-29T16:22:51.914+01:00 DEBUG 98973 --- [librairie-online] [SpringApplicationShutdownHook] org.hibernate.SQL                        : drop table if exists Validation cascade 
2025-01-29T16:22:51.917+01:00  INFO 98973 --- [librairie-online] [SpringApplicationShutdownHook] com.zaxxer.hikari.HikariDataSource       : HikariPool-1 - Shutdown initiated...
2025-01-29T16:22:51.921+01:00  INFO 98973 --- [librairie-online] [SpringApplicationShutdownHook] com.zaxxer.hikari.HikariDataSource       : HikariPool-1 - Shutdown completed.
