2025-01-13T23:14:14.780+01:00  INFO 70013 --- [librairie-online] [main] c.e.l.LibrairieOnlineApplication         : Starting LibrairieOnlineApplication using Java 21.0.5 with PID 70013 (/Users/cedinacoelho/Documents/src/librairie-online-Spring/target/classes started by cedinacoelho in /Users/cedinacoelho/Documents/src/librairie-online-Spring)
2025-01-13T23:14:14.795+01:00  INFO 70013 --- [librairie-online] [main] c.e.l.LibrairieOnlineApplication         : No active profile set, falling back to 1 default profile: "default"
2025-01-13T23:14:15.435+01:00  INFO 70013 --- [librairie-online] [main] .s.d.r.c.RepositoryConfigurationDelegate : Bootstrapping Spring Data JPA repositories in DEFAULT mode.
2025-01-13T23:14:15.505+01:00  INFO 70013 --- [librairie-online] [main] .s.d.r.c.RepositoryConfigurationDelegate : Finished Spring Data repository scanning in 61 ms. Found 6 JPA repository interfaces.
2025-01-13T23:14:16.155+01:00  INFO 70013 --- [librairie-online] [main] o.s.b.w.embedded.tomcat.TomcatWebServer  : Tomcat initialized with port 8080 (http)
2025-01-13T23:14:16.170+01:00  INFO 70013 --- [librairie-online] [main] o.apache.catalina.core.StandardService   : Starting service [Tomcat]
2025-01-13T23:14:16.170+01:00  INFO 70013 --- [librairie-online] [main] o.apache.catalina.core.StandardEngine    : Starting Servlet engine: [Apache Tomcat/10.1.25]
2025-01-13T23:14:16.228+01:00  INFO 70013 --- [librairie-online] [main] o.a.c.c.C.[Tomcat].[localhost].[/]       : Initializing Spring embedded WebApplicationContext
2025-01-13T23:14:16.229+01:00  INFO 70013 --- [librairie-online] [main] w.s.c.ServletWebServerApplicationContext : Root WebApplicationContext: initialization completed in 1376 ms
2025-01-13T23:14:16.404+01:00  INFO 70013 --- [librairie-online] [main] o.hibernate.jpa.internal.util.LogHelper  : HHH000204: Processing PersistenceUnitInfo [name: default]
2025-01-13T23:14:16.456+01:00  INFO 70013 --- [librairie-online] [main] org.hibernate.Version                    : HHH000412: Hibernate ORM core version 6.5.2.Final
2025-01-13T23:14:16.488+01:00  INFO 70013 --- [librairie-online] [main] o.h.c.internal.RegionFactoryInitiator    : HHH000026: Second-level cache disabled
2025-01-13T23:14:16.776+01:00  INFO 70013 --- [librairie-online] [main] o.s.o.j.p.SpringPersistenceUnitInfo      : No LoadTimeWeaver setup: ignoring JPA class transformer
2025-01-13T23:14:16.800+01:00  INFO 70013 --- [librairie-online] [main] com.zaxxer.hikari.HikariDataSource       : HikariPool-1 - Starting...
2025-01-13T23:14:17.186+01:00  INFO 70013 --- [librairie-online] [main] com.zaxxer.hikari.pool.HikariPool        : HikariPool-1 - Added connection com.mysql.cj.jdbc.ConnectionImpl@32c0fecc
2025-01-13T23:14:17.188+01:00  INFO 70013 --- [librairie-online] [main] com.zaxxer.hikari.HikariDataSource       : HikariPool-1 - Start completed.
2025-01-13T23:14:18.121+01:00  INFO 70013 --- [librairie-online] [main] o.h.e.t.j.p.i.JtaPlatformInitiator       : HHH000489: No JTA platform available (set 'hibernate.transaction.jta.platform' to enable JTA platform integration)
2025-01-13T23:14:18.242+01:00  INFO 70013 --- [librairie-online] [main] j.LocalContainerEntityManagerFactoryBean : Initialized JPA EntityManagerFactory for persistence unit 'default'
2025-01-13T23:14:18.890+01:00  INFO 70013 --- [librairie-online] [main] o.s.b.w.embedded.tomcat.TomcatWebServer  : Tomcat started on port 8080 (http) with context path '/'
2025-01-13T23:14:18.901+01:00  INFO 70013 --- [librairie-online] [main] c.e.l.LibrairieOnlineApplication         : Started LibrairieOnlineApplication in 4.477 seconds (process running for 5.265)
2025-01-13T23:15:02.602+01:00  INFO 70013 --- [librairie-online] [SpringApplicationShutdownHook] j.LocalContainerEntityManagerFactoryBean : Closing JPA EntityManagerFactory for persistence unit 'default'
2025-01-13T23:15:02.605+01:00  INFO 70013 --- [librairie-online] [SpringApplicationShutdownHook] com.zaxxer.hikari.HikariDataSource       : HikariPool-1 - Shutdown initiated...
2025-01-13T23:15:02.646+01:00  INFO 70013 --- [librairie-online] [SpringApplicationShutdownHook] com.zaxxer.hikari.HikariDataSource       : HikariPool-1 - Shutdown completed.
